1706603282.479810 client started (18734): version next-3.4, socket /tmp/tmux-1000/default, protocol 8
1706603282.479843 on Linux 6.6.3-411.asahi.fc39.aarch64+16k #1 SMP PREEMPT_DYNAMIC Tue Dec 19 10:21:20 UTC 2023
1706603282.479856 using libevent 2.1.12-stable poll
1706603282.479862 using ncurses 6.4 20230520
1706603282.479883 flags are 0x18010000
1706603282.479897 socket is /tmp/tmux-1000/default
1706603282.479923 trying connect
1706603282.479943 connect failed: Connection refused
1706603282.479955 lock file is /tmp/tmux-1000/default.lock
1706603282.480025 flock succeeded
1706603282.480032 got lock (6)
1706603282.480044 trying connect
1706603282.480056 connect failed: Connection refused
1706603282.480356 add peer 0xaaab51e383b0: 7 ((nil))
1706603282.480937 sending message 100 to peer 0xaaab51e383b0 (4 bytes)
1706603282.480950 sending message 111 to peer 0xaaab51e383b0 (8 bytes)
1706603282.480958 sending message 101 to peer 0xaaab51e383b0 (12 bytes)
1706603282.480965 sending message 109 to peer 0xaaab51e383b0 (4 bytes)
1706603282.480973 sending message 102 to peer 0xaaab51e383b0 (11 bytes)
1706603282.480980 sending message 108 to peer 0xaaab51e383b0 (37 bytes)
1706603282.480987 sending message 112 to peer 0xaaab51e383b0 (70 bytes)
1706603282.480994 sending message 112 to peer 0xaaab51e383b0 (5 bytes)
1706603282.481002 sending message 112 to peer 0xaaab51e383b0 (6 bytes)
1706603282.481009 sending message 112 to peer 0xaaab51e383b0 (6 bytes)
1706603282.481016 sending message 112 to peer 0xaaab51e383b0 (10 bytes)
1706603282.481023 sending message 112 to peer 0xaaab51e383b0 (13 bytes)
1706603282.481030 sending message 112 to peer 0xaaab51e383b0 (14 bytes)
1706603282.481037 sending message 112 to peer 0xaaab51e383b0 (19 bytes)
1706603282.481044 sending message 112 to peer 0xaaab51e383b0 (11 bytes)
1706603282.481051 sending message 112 to peer 0xaaab51e383b0 (10 bytes)
1706603282.481059 sending message 112 to peer 0xaaab51e383b0 (15 bytes)
1706603282.481067 sending message 112 to peer 0xaaab51e383b0 (21 bytes)
1706603282.481074 sending message 112 to peer 0xaaab51e383b0 (13 bytes)
1706603282.481081 sending message 112 to peer 0xaaab51e383b0 (7 bytes)
1706603282.481088 sending message 112 to peer 0xaaab51e383b0 (13 bytes)
1706603282.481095 sending message 112 to peer 0xaaab51e383b0 (7 bytes)
1706603282.481102 sending message 112 to peer 0xaaab51e383b0 (13 bytes)
1706603282.481109 sending message 112 to peer 0xaaab51e383b0 (9 bytes)
1706603282.481116 sending message 112 to peer 0xaaab51e383b0 (21 bytes)
1706603282.481123 sending message 112 to peer 0xaaab51e383b0 (13 bytes)
1706603282.481130 sending message 112 to peer 0xaaab51e383b0 (9 bytes)
1706603282.481137 sending message 112 to peer 0xaaab51e383b0 (16 bytes)
1706603282.481144 sending message 112 to peer 0xaaab51e383b0 (13 bytes)
1706603282.481151 sending message 112 to peer 0xaaab51e383b0 (9 bytes)
1706603282.481158 sending message 112 to peer 0xaaab51e383b0 (9 bytes)
1706603282.481165 sending message 112 to peer 0xaaab51e383b0 (12 bytes)
1706603282.481172 sending message 112 to peer 0xaaab51e383b0 (8 bytes)
1706603282.481179 sending message 112 to peer 0xaaab51e383b0 (13 bytes)
1706603282.481186 sending message 112 to peer 0xaaab51e383b0 (7 bytes)
1706603282.481194 sending message 112 to peer 0xaaab51e383b0 (7 bytes)
1706603282.481201 sending message 112 to peer 0xaaab51e383b0 (9 bytes)
1706603282.481208 sending message 112 to peer 0xaaab51e383b0 (6 bytes)
1706603282.481215 sending message 112 to peer 0xaaab51e383b0 (9 bytes)
1706603282.481222 sending message 112 to peer 0xaaab51e383b0 (15 bytes)
1706603282.481229 sending message 112 to peer 0xaaab51e383b0 (13 bytes)
1706603282.481235 sending message 112 to peer 0xaaab51e383b0 (12 bytes)
1706603282.481243 sending message 112 to peer 0xaaab51e383b0 (8 bytes)
1706603282.481250 sending message 112 to peer 0xaaab51e383b0 (14 bytes)
1706603282.481257 sending message 112 to peer 0xaaab51e383b0 (9 bytes)
1706603282.481264 sending message 112 to peer 0xaaab51e383b0 (10 bytes)
1706603282.481271 sending message 112 to peer 0xaaab51e383b0 (10 bytes)
1706603282.481284 sending message 112 to peer 0xaaab51e383b0 (10 bytes)
1706603282.481292 sending message 112 to peer 0xaaab51e383b0 (10 bytes)
1706603282.481299 sending message 112 to peer 0xaaab51e383b0 (11 bytes)
1706603282.481306 sending message 112 to peer 0xaaab51e383b0 (12 bytes)
1706603282.481313 sending message 112 to peer 0xaaab51e383b0 (12 bytes)
1706603282.481320 sending message 112 to peer 0xaaab51e383b0 (12 bytes)
1706603282.481327 sending message 112 to peer 0xaaab51e383b0 (12 bytes)
1706603282.481334 sending message 112 to peer 0xaaab51e383b0 (12 bytes)
1706603282.481341 sending message 112 to peer 0xaaab51e383b0 (11 bytes)
1706603282.481348 sending message 112 to peer 0xaaab51e383b0 (11 bytes)
1706603282.481355 sending message 112 to peer 0xaaab51e383b0 (12 bytes)
1706603282.481362 sending message 112 to peer 0xaaab51e383b0 (12 bytes)
1706603282.481369 sending message 112 to peer 0xaaab51e383b0 (12 bytes)
1706603282.481376 sending message 112 to peer 0xaaab51e383b0 (12 bytes)
1706603282.481383 sending message 112 to peer 0xaaab51e383b0 (12 bytes)
1706603282.481390 sending message 112 to peer 0xaaab51e383b0 (9 bytes)
1706603282.481397 sending message 112 to peer 0xaaab51e383b0 (12 bytes)
1706603282.481404 sending message 112 to peer 0xaaab51e383b0 (13 bytes)
1706603282.481411 sending message 112 to peer 0xaaab51e383b0 (13 bytes)
1706603282.481418 sending message 112 to peer 0xaaab51e383b0 (13 bytes)
1706603282.481425 sending message 112 to peer 0xaaab51e383b0 (13 bytes)
1706603282.481433 sending message 112 to peer 0xaaab51e383b0 (13 bytes)
1706603282.481440 sending message 112 to peer 0xaaab51e383b0 (8 bytes)
1706603282.481447 sending message 112 to peer 0xaaab51e383b0 (11 bytes)
1706603282.481454 sending message 112 to peer 0xaaab51e383b0 (11 bytes)
1706603282.481460 sending message 112 to peer 0xaaab51e383b0 (11 bytes)
1706603282.481467 sending message 112 to peer 0xaaab51e383b0 (12 bytes)
1706603282.481474 sending message 112 to peer 0xaaab51e383b0 (12 bytes)
1706603282.481481 sending message 112 to peer 0xaaab51e383b0 (13 bytes)
1706603282.481488 sending message 112 to peer 0xaaab51e383b0 (12 bytes)
1706603282.481495 sending message 112 to peer 0xaaab51e383b0 (13 bytes)
1706603282.481501 sending message 112 to peer 0xaaab51e383b0 (13 bytes)
1706603282.481508 sending message 112 to peer 0xaaab51e383b0 (13 bytes)
1706603282.481515 sending message 112 to peer 0xaaab51e383b0 (8 bytes)
1706603282.481523 sending message 112 to peer 0xaaab51e383b0 (13 bytes)
1706603282.481530 sending message 112 to peer 0xaaab51e383b0 (13 bytes)
1706603282.481537 sending message 112 to peer 0xaaab51e383b0 (13 bytes)
1706603282.481544 sending message 112 to peer 0xaaab51e383b0 (13 bytes)
1706603282.481551 sending message 112 to peer 0xaaab51e383b0 (13 bytes)
1706603282.481558 sending message 112 to peer 0xaaab51e383b0 (12 bytes)
1706603282.481565 sending message 112 to peer 0xaaab51e383b0 (12 bytes)
1706603282.481572 sending message 112 to peer 0xaaab51e383b0 (13 bytes)
1706603282.481579 sending message 112 to peer 0xaaab51e383b0 (12 bytes)
1706603282.481586 sending message 112 to peer 0xaaab51e383b0 (13 bytes)
1706603282.481593 sending message 112 to peer 0xaaab51e383b0 (8 bytes)
1706603282.481599 sending message 112 to peer 0xaaab51e383b0 (13 bytes)
1706603282.481606 sending message 112 to peer 0xaaab51e383b0 (13 bytes)
1706603282.481613 sending message 112 to peer 0xaaab51e383b0 (13 bytes)
1706603282.481619 sending message 112 to peer 0xaaab51e383b0 (13 bytes)
1706603282.481627 sending message 112 to peer 0xaaab51e383b0 (13 bytes)
1706603282.481634 sending message 112 to peer 0xaaab51e383b0 (13 bytes)
1706603282.481651 sending message 112 to peer 0xaaab51e383b0 (13 bytes)
1706603282.481659 sending message 112 to peer 0xaaab51e383b0 (12 bytes)
1706603282.481666 sending message 112 to peer 0xaaab51e383b0 (12 bytes)
1706603282.481673 sending message 112 to peer 0xaaab51e383b0 (13 bytes)
1706603282.481680 sending message 112 to peer 0xaaab51e383b0 (8 bytes)
1706603282.481687 sending message 112 to peer 0xaaab51e383b0 (12 bytes)
1706603282.481698 sending message 112 to peer 0xaaab51e383b0 (13 bytes)
1706603282.481705 sending message 112 to peer 0xaaab51e383b0 (13 bytes)
1706603282.481713 sending message 112 to peer 0xaaab51e383b0 (13 bytes)
1706603282.481720 sending message 112 to peer 0xaaab51e383b0 (13 bytes)
1706603282.481727 sending message 112 to peer 0xaaab51e383b0 (13 bytes)
1706603282.481734 sending message 112 to peer 0xaaab51e383b0 (13 bytes)
1706603282.481741 sending message 112 to peer 0xaaab51e383b0 (13 bytes)
1706603282.481748 sending message 112 to peer 0xaaab51e383b0 (13 bytes)
1706603282.481755 sending message 112 to peer 0xaaab51e383b0 (12 bytes)
1706603282.481763 sending message 112 to peer 0xaaab51e383b0 (10 bytes)
1706603282.481770 sending message 112 to peer 0xaaab51e383b0 (12 bytes)
1706603282.481777 sending message 112 to peer 0xaaab51e383b0 (13 bytes)
1706603282.481784 sending message 112 to peer 0xaaab51e383b0 (12 bytes)
1706603282.481791 sending message 112 to peer 0xaaab51e383b0 (13 bytes)
1706603282.481798 sending message 112 to peer 0xaaab51e383b0 (13 bytes)
1706603282.481805 sending message 112 to peer 0xaaab51e383b0 (13 bytes)
1706603282.481813 sending message 112 to peer 0xaaab51e383b0 (13 bytes)
1706603282.481820 sending message 112 to peer 0xaaab51e383b0 (13 bytes)
1706603282.481826 sending message 112 to peer 0xaaab51e383b0 (13 bytes)
1706603282.481833 sending message 112 to peer 0xaaab51e383b0 (13 bytes)
1706603282.481840 sending message 112 to peer 0xaaab51e383b0 (10 bytes)
1706603282.481847 sending message 112 to peer 0xaaab51e383b0 (13 bytes)
1706603282.481854 sending message 112 to peer 0xaaab51e383b0 (12 bytes)
1706603282.481861 sending message 112 to peer 0xaaab51e383b0 (12 bytes)
1706603282.481868 sending message 112 to peer 0xaaab51e383b0 (13 bytes)
1706603282.481875 sending message 112 to peer 0xaaab51e383b0 (10 bytes)
1706603282.481882 sending message 112 to peer 0xaaab51e383b0 (10 bytes)
1706603282.481889 sending message 112 to peer 0xaaab51e383b0 (10 bytes)
1706603282.481896 sending message 112 to peer 0xaaab51e383b0 (12 bytes)
1706603282.481903 sending message 112 to peer 0xaaab51e383b0 (13 bytes)
1706603282.481910 sending message 112 to peer 0xaaab51e383b0 (13 bytes)
1706603282.481917 sending message 112 to peer 0xaaab51e383b0 (13 bytes)
1706603282.481924 sending message 112 to peer 0xaaab51e383b0 (13 bytes)
1706603282.481931 sending message 112 to peer 0xaaab51e383b0 (13 bytes)
1706603282.481938 sending message 112 to peer 0xaaab51e383b0 (10 bytes)
1706603282.481945 sending message 112 to peer 0xaaab51e383b0 (11 bytes)
1706603282.481953 sending message 112 to peer 0xaaab51e383b0 (12 bytes)
1706603282.481960 sending message 112 to peer 0xaaab51e383b0 (12 bytes)
1706603282.481966 sending message 112 to peer 0xaaab51e383b0 (12 bytes)
1706603282.481973 sending message 112 to peer 0xaaab51e383b0 (12 bytes)
1706603282.481980 sending message 112 to peer 0xaaab51e383b0 (12 bytes)
1706603282.481987 sending message 112 to peer 0xaaab51e383b0 (11 bytes)
1706603282.481994 sending message 112 to peer 0xaaab51e383b0 (12 bytes)
1706603282.482001 sending message 112 to peer 0xaaab51e383b0 (12 bytes)
1706603282.482008 sending message 112 to peer 0xaaab51e383b0 (13 bytes)
1706603282.482015 sending message 112 to peer 0xaaab51e383b0 (13 bytes)
1706603282.482022 sending message 112 to peer 0xaaab51e383b0 (13 bytes)
1706603282.482029 sending message 112 to peer 0xaaab51e383b0 (13 bytes)
1706603282.482037 sending message 112 to peer 0xaaab51e383b0 (13 bytes)
1706603282.482044 sending message 112 to peer 0xaaab51e383b0 (10 bytes)
1706603282.482051 sending message 112 to peer 0xaaab51e383b0 (9 bytes)
1706603282.482058 sending message 112 to peer 0xaaab51e383b0 (12 bytes)
1706603282.482065 sending message 112 to peer 0xaaab51e383b0 (13 bytes)
1706603282.482071 sending message 112 to peer 0xaaab51e383b0 (13 bytes)
1706603282.482078 sending message 112 to peer 0xaaab51e383b0 (13 bytes)
1706603282.482085 sending message 112 to peer 0xaaab51e383b0 (13 bytes)
1706603282.482092 sending message 112 to peer 0xaaab51e383b0 (13 bytes)
1706603282.482103 sending message 112 to peer 0xaaab51e383b0 (9 bytes)
1706603282.482110 sending message 112 to peer 0xaaab51e383b0 (12 bytes)
1706603282.482117 sending message 112 to peer 0xaaab51e383b0 (13 bytes)
1706603282.482124 sending message 112 to peer 0xaaab51e383b0 (13 bytes)
1706603282.482131 sending message 112 to peer 0xaaab51e383b0 (13 bytes)
1706603282.482138 sending message 112 to peer 0xaaab51e383b0 (13 bytes)
1706603282.482145 sending message 112 to peer 0xaaab51e383b0 (13 bytes)
1706603282.482152 sending message 112 to peer 0xaaab51e383b0 (11 bytes)
1706603282.482159 sending message 112 to peer 0xaaab51e383b0 (12 bytes)
1706603282.482167 sending message 112 to peer 0xaaab51e383b0 (13 bytes)
1706603282.482174 sending message 112 to peer 0xaaab51e383b0 (13 bytes)
1706603282.482181 sending message 112 to peer 0xaaab51e383b0 (13 bytes)
1706603282.482188 sending message 112 to peer 0xaaab51e383b0 (13 bytes)
1706603282.482195 sending message 112 to peer 0xaaab51e383b0 (13 bytes)
1706603282.482202 sending message 112 to peer 0xaaab51e383b0 (11 bytes)
1706603282.482209 sending message 112 to peer 0xaaab51e383b0 (12 bytes)
1706603282.482216 sending message 112 to peer 0xaaab51e383b0 (12 bytes)
1706603282.482224 sending message 112 to peer 0xaaab51e383b0 (12 bytes)
1706603282.482230 sending message 112 to peer 0xaaab51e383b0 (12 bytes)
1706603282.482237 sending message 112 to peer 0xaaab51e383b0 (12 bytes)
1706603282.482244 sending message 112 to peer 0xaaab51e383b0 (22 bytes)
1706603282.482252 sending message 112 to peer 0xaaab51e383b0 (12 bytes)
1706603282.482258 sending message 112 to peer 0xaaab51e383b0 (9 bytes)
1706603282.482265 sending message 112 to peer 0xaaab51e383b0 (6 bytes)
1706603282.482272 sending message 112 to peer 0xaaab51e383b0 (13 bytes)
1706603282.482279 sending message 112 to peer 0xaaab51e383b0 (10 bytes)
1706603282.482286 sending message 112 to peer 0xaaab51e383b0 (15 bytes)
1706603282.482293 sending message 112 to peer 0xaaab51e383b0 (11 bytes)
1706603282.482300 sending message 112 to peer 0xaaab51e383b0 (9 bytes)
1706603282.482308 sending message 112 to peer 0xaaab51e383b0 (70 bytes)
1706603282.482315 sending message 112 to peer 0xaaab51e383b0 (69 bytes)
1706603282.482322 sending message 112 to peer 0xaaab51e383b0 (34 bytes)
1706603282.482330 sending message 112 to peer 0xaaab51e383b0 (34 bytes)
1706603282.482337 sending message 112 to peer 0xaaab51e383b0 (69 bytes)
1706603282.482344 sending message 112 to peer 0xaaab51e383b0 (12 bytes)
1706603282.482351 sending message 112 to peer 0xaaab51e383b0 (10 bytes)
1706603282.482358 sending message 112 to peer 0xaaab51e383b0 (10 bytes)
1706603282.482365 sending message 112 to peer 0xaaab51e383b0 (15 bytes)
1706603282.482372 sending message 112 to peer 0xaaab51e383b0 (11 bytes)
1706603282.482379 sending message 112 to peer 0xaaab51e383b0 (10 bytes)
1706603282.482386 sending message 112 to peer 0xaaab51e383b0 (10 bytes)
1706603282.482393 sending message 112 to peer 0xaaab51e383b0 (17 bytes)
1706603282.482400 sending message 112 to peer 0xaaab51e383b0 (10 bytes)
1706603282.482408 sending message 112 to peer 0xaaab51e383b0 (13 bytes)
1706603282.482415 sending message 112 to peer 0xaaab51e383b0 (17 bytes)
1706603282.482422 sending message 112 to peer 0xaaab51e383b0 (5 bytes)
1706603282.482429 sending message 112 to peer 0xaaab51e383b0 (9 bytes)
1706603282.482437 sending message 112 to peer 0xaaab51e383b0 (15 bytes)
1706603282.482445 sending message 104 to peer 0xaaab51e383b0 (0 bytes)
1706603282.482453 sending message 110 to peer 0xaaab51e383b0 (0 bytes)
1706603282.482461 sending message 107 to peer 0xaaab51e383b0 (4 bytes)
1706603282.482468 sending message 105 to peer 0xaaab51e383b0 (16 bytes)
1706603282.482475 sending message 105 to peer 0xaaab51e383b0 (33 bytes)
1706603282.482482 sending message 105 to peer 0xaaab51e383b0 (78 bytes)
1706603282.482489 sending message 105 to peer 0xaaab51e383b0 (20 bytes)
1706603282.482496 sending message 105 to peer 0xaaab51e383b0 (105 bytes)
1706603282.482503 sending message 105 to peer 0xaaab51e383b0 (23 bytes)
1706603282.482520 sending message 105 to peer 0xaaab51e383b0 (58 bytes)
1706603282.482528 sending message 105 to peer 0xaaab51e383b0 (23 bytes)
1706603282.482536 sending message 105 to peer 0xaaab51e383b0 (21 bytes)
1706603282.482543 sending message 105 to peer 0xaaab51e383b0 (238 bytes)
1706603282.482550 sending message 105 to peer 0xaaab51e383b0 (19 bytes)
1706603282.482557 sending message 105 to peer 0xaaab51e383b0 (14 bytes)
1706603282.482564 sending message 105 to peer 0xaaab51e383b0 (22 bytes)
1706603282.482571 sending message 105 to peer 0xaaab51e383b0 (19 bytes)
1706603282.482578 sending message 105 to peer 0xaaab51e383b0 (46 bytes)
1706603282.482585 sending message 105 to peer 0xaaab51e383b0 (51 bytes)
1706603282.482592 sending message 105 to peer 0xaaab51e383b0 (20 bytes)
1706603282.482599 sending message 105 to peer 0xaaab51e383b0 (23 bytes)
1706603282.482607 sending message 105 to peer 0xaaab51e383b0 (23 bytes)
1706603282.482614 sending message 105 to peer 0xaaab51e383b0 (16 bytes)
1706603282.482621 sending message 105 to peer 0xaaab51e383b0 (73 bytes)
1706603282.482628 sending message 105 to peer 0xaaab51e383b0 (25 bytes)
1706603282.482635 sending message 105 to peer 0xaaab51e383b0 (16 bytes)
1706603282.482651 sending message 105 to peer 0xaaab51e383b0 (21 bytes)
1706603282.482659 sending message 105 to peer 0xaaab51e383b0 (15 bytes)
1706603282.482667 sending message 105 to peer 0xaaab51e383b0 (41 bytes)
1706603282.482674 sending message 105 to peer 0xaaab51e383b0 (24 bytes)
1706603282.482681 sending message 105 to peer 0xaaab51e383b0 (14 bytes)
1706603282.482688 sending message 105 to peer 0xaaab51e383b0 (25 bytes)
1706603282.482695 sending message 105 to peer 0xaaab51e383b0 (22 bytes)
1706603282.482702 sending message 105 to peer 0xaaab51e383b0 (39 bytes)
1706603282.482718 sending message 105 to peer 0xaaab51e383b0 (60 bytes)
1706603282.482726 sending message 105 to peer 0xaaab51e383b0 (31 bytes)
1706603282.482734 sending message 105 to peer 0xaaab51e383b0 (42 bytes)
1706603282.482741 sending message 105 to peer 0xaaab51e383b0 (17 bytes)
1706603282.482749 sending message 105 to peer 0xaaab51e383b0 (33 bytes)
1706603282.482756 sending message 105 to peer 0xaaab51e383b0 (20 bytes)
1706603282.482763 sending message 105 to peer 0xaaab51e383b0 (16 bytes)
1706603282.482770 sending message 105 to peer 0xaaab51e383b0 (1770 bytes)
1706603282.482798 sending message 105 to peer 0xaaab51e383b0 (24 bytes)
1706603282.482806 sending message 105 to peer 0xaaab51e383b0 (139 bytes)
1706603282.482813 sending message 105 to peer 0xaaab51e383b0 (20 bytes)
1706603282.482821 sending message 105 to peer 0xaaab51e383b0 (26 bytes)
1706603282.482828 sending message 105 to peer 0xaaab51e383b0 (112 bytes)
1706603282.482836 sending message 105 to peer 0xaaab51e383b0 (18 bytes)
1706603282.482843 sending message 105 to peer 0xaaab51e383b0 (52 bytes)
1706603282.482850 sending message 105 to peer 0xaaab51e383b0 (47 bytes)
1706603282.482857 sending message 105 to peer 0xaaab51e383b0 (16 bytes)
1706603282.482864 sending message 105 to peer 0xaaab51e383b0 (23 bytes)
1706603282.482871 sending message 105 to peer 0xaaab51e383b0 (38 bytes)
1706603282.482878 sending message 105 to peer 0xaaab51e383b0 (140 bytes)
1706603282.482886 sending message 105 to peer 0xaaab51e383b0 (21 bytes)
1706603282.482893 sending message 105 to peer 0xaaab51e383b0 (124 bytes)
1706603282.482900 sending message 105 to peer 0xaaab51e383b0 (22 bytes)
1706603282.482907 sending message 105 to peer 0xaaab51e383b0 (30 bytes)
1706603282.482914 sending message 105 to peer 0xaaab51e383b0 (23 bytes)
1706603282.482929 sending message 105 to peer 0xaaab51e383b0 (35 bytes)
1706603282.482937 sending message 105 to peer 0xaaab51e383b0 (17 bytes)
1706603282.482944 sending message 105 to peer 0xaaab51e383b0 (29 bytes)
1706603282.482952 sending message 105 to peer 0xaaab51e383b0 (35 bytes)
1706603282.482958 sending message 105 to peer 0xaaab51e383b0 (11 bytes)
1706603282.482966 sending message 105 to peer 0xaaab51e383b0 (24 bytes)
1706603282.482973 sending message 105 to peer 0xaaab51e383b0 (22 bytes)
1706603282.482984 sending message 105 to peer 0xaaab51e383b0 (50 bytes)
1706603282.482992 sending message 105 to peer 0xaaab51e383b0 (24 bytes)
1706603282.482998 sending message 105 to peer 0xaaab51e383b0 (11 bytes)
1706603282.483006 sending message 105 to peer 0xaaab51e383b0 (8 bytes)
1706603282.483013 sending message 105 to peer 0xaaab51e383b0 (24 bytes)
1706603282.483020 sending message 105 to peer 0xaaab51e383b0 (26 bytes)
1706603282.483027 sending message 105 to peer 0xaaab51e383b0 (11 bytes)
1706603282.483035 sending message 105 to peer 0xaaab51e383b0 (17 bytes)
1706603282.483042 sending message 105 to peer 0xaaab51e383b0 (31 bytes)
1706603282.483049 sending message 105 to peer 0xaaab51e383b0 (54 bytes)
1706603282.483056 sending message 105 to peer 0xaaab51e383b0 (19 bytes)
1706603282.483063 sending message 105 to peer 0xaaab51e383b0 (13 bytes)
1706603282.483070 sending message 105 to peer 0xaaab51e383b0 (30 bytes)
1706603282.483077 sending message 105 to peer 0xaaab51e383b0 (23 bytes)
1706603282.483084 sending message 105 to peer 0xaaab51e383b0 (29 bytes)
1706603282.483091 sending message 105 to peer 0xaaab51e383b0 (16 bytes)
1706603282.483099 sending message 105 to peer 0xaaab51e383b0 (120 bytes)
1706603282.483106 sending message 105 to peer 0xaaab51e383b0 (22 bytes)
1706603282.483113 sending message 105 to peer 0xaaab51e383b0 (183 bytes)
1706603282.483120 sending message 105 to peer 0xaaab51e383b0 (54 bytes)
1706603282.483127 sending message 105 to peer 0xaaab51e383b0 (28 bytes)
1706603282.483134 sending message 105 to peer 0xaaab51e383b0 (27 bytes)
1706603282.483141 sending message 105 to peer 0xaaab51e383b0 (40 bytes)
1706603282.483148 sending message 105 to peer 0xaaab51e383b0 (22 bytes)
1706603282.483155 sending message 105 to peer 0xaaab51e383b0 (36 bytes)
1706603282.483162 sending message 105 to peer 0xaaab51e383b0 (16 bytes)
1706603282.483170 sending message 106 to peer 0xaaab51e383b0 (0 bytes)
1706603282.483250 sending message 200 to peer 0xaaab51e383b0 (4 bytes)
1706603282.483259 client loop enter
1706603282.483282 client_signal: Child exited
1706603282.520749 peer 0xaaab51e383b0 message 207
1706603282.520753 sending message 208 to peer 0xaaab51e383b0 (0 bytes)
1706603285.407728 peer 0xaaab51e383b0 message 203
1706603285.407743 sending message 205 to peer 0xaaab51e383b0 (0 bytes)
1706603285.409181 peer 0xaaab51e383b0 message 204
1706603285.409190 client loop exit
